<?xml version="1.0" encoding="utf-8"?><testsuites name="pytest tests"><testsuite name="pytest" errors="0" failures="0" skipped="0" tests="22" time="69.338" timestamp="2026-02-27T20:17:19.553219+00:00" hostname="agent-env-dd9b71b0-30e8-4806-9fe9-a1f1c6b0e4fd"><testcase classname="backend.tests.test_brain_compare_sim_p91_p92.TestBrainCompareP91" name="test_compare_returns_brain_compare_pack" time="10.936" /><testcase classname="backend.tests.test_brain_compare_sim_p91_p92.TestBrainCompareP91" name="test_compare_base_allocations" time="0.000" /><testcase classname="backend.tests.test_brain_compare_sim_p91_p92.TestBrainCompareP91" name="test_compare_brain_allocations" time="0.000" /><testcase classname="backend.tests.test_brain_compare_sim_p91_p92.TestBrainCompareP91" name="test_compare_brain_decision" time="0.000" /><testcase classname="backend.tests.test_brain_compare_sim_p91_p92.TestBrainCompareP91" name="test_compare_diff_structure" time="0.000" /><testcase classname="backend.tests.test_brain_compare_sim_p91_p92.TestBrainCompareP91" name="test_compare_diff_severity_valid" time="0.000" /><testcase classname="backend.tests.test_brain_compare_sim_p91_p92.TestBrainCompareP91" name="test_compare_changed_fields_structure" time="0.000" /><testcase classname="backend.tests.test_brain_compare_sim_p91_p92.TestBrainCompareP91" name="test_compare_context_structure" time="0.000" /><testcase classname="backend.tests.test_brain_compare_sim_p91_p92.TestBrainCompareP91" name="test_compare_determinism" time="20.174" /><testcase classname="backend.tests.test_brain_compare_sim_p91_p92.TestBrainCompareP91" name="test_compare_inputs_hash_present" time="0.000" /><testcase classname="backend.tests.test_brain_compare_sim_p91_p92.TestBrainSimP92" name="test_sim_run_returns_report" time="33.480" /><testcase classname="backend.tests.test_brain_compare_sim_p91_p92.TestBrainSimP92" name="test_sim_run_hit_rates" time="0.000" /><testcase classname="backend.tests.test_brain_compare_sim_p91_p92.TestBrainSimP92" name="test_sim_run_exposure_metrics" time="0.001" /><testcase classname="backend.tests.test_brain_compare_sim_p91_p92.TestBrainSimP92" name="test_sim_run_verdict_structure" time="0.000" /><testcase classname="backend.tests.test_brain_compare_sim_p91_p92.TestBrainSimP92" name="test_sim_run_verdict_gates" time="0.000" /><testcase classname="backend.tests.test_brain_compare_sim_p91_p92.TestBrainSimP92" name="test_sim_run_samples_structure" time="0.000" /><testcase classname="backend.tests.test_brain_compare_sim_p91_p92.TestBrainSimP92" name="test_sim_status_list_reports" time="0.292" /><testcase classname="backend.tests.test_brain_compare_sim_p91_p92.TestBrainSimP92" name="test_sim_status_specific_report" time="0.139" /><testcase classname="backend.tests.test_brain_compare_sim_p91_p92.TestBrainSimP92" name="test_sim_report_retrieval" time="0.307" /><testcase classname="backend.tests.test_brain_compare_sim_p91_p92.TestRegressionP91P92" name="test_cross_asset_still_works" time="0.297" /><testcase classname="backend.tests.test_brain_compare_sim_p91_p92.TestRegressionP91P92" name="test_decision_still_works" time="3.441" /><testcase classname="backend.tests.test_brain_compare_sim_p91_p92.TestRegressionP91P92" name="test_forecast_still_works" time="0.173" /></testsuite></testsuites>