<?xml version="1.0" encoding="utf-8"?><testsuites name="pytest tests"><testsuite name="pytest" errors="0" failures="0" skipped="0" tests="20" time="22.744" timestamp="2026-02-27T20:00:12.392092+00:00" hostname="agent-env-dd9b71b0-30e8-4806-9fe9-a1f1c6b0e4fd"><testcase classname="backend.tests.test_cross_asset_p90.TestCrossAssetMainEndpoint" name="test_cross_asset_returns_valid_response" time="0.618" /><testcase classname="backend.tests.test_cross_asset_p90.TestCrossAssetMainEndpoint" name="test_windows_has_three_entries" time="0.461" /><testcase classname="backend.tests.test_cross_asset_p90.TestCrossAssetMainEndpoint" name="test_correlations_are_valid" time="0.350" /><testcase classname="backend.tests.test_cross_asset_p90.TestCrossAssetMainEndpoint" name="test_regime_label_is_valid" time="0.439" /><testcase classname="backend.tests.test_cross_asset_p90.TestCrossAssetMainEndpoint" name="test_regime_confidence_is_valid" time="1.145" /><testcase classname="backend.tests.test_cross_asset_p90.TestCrossAssetMainEndpoint" name="test_diagnostics_has_required_fields" time="0.352" /><testcase classname="backend.tests.test_cross_asset_p90.TestCrossAssetMainEndpoint" name="test_diagnostics_values_in_valid_range" time="0.295" /><testcase classname="backend.tests.test_cross_asset_p90.TestCrossAssetMainEndpoint" name="test_determinism_same_asof_same_regime" time="3.237" /><testcase classname="backend.tests.test_cross_asset_p90.TestCrossAssetMainEndpoint" name="test_sample_n_reflects_data_quality" time="0.334" /><testcase classname="backend.tests.test_cross_asset_p90.TestCrossAssetSchema" name="test_schema_returns_valid_structure" time="0.235" /><testcase classname="backend.tests.test_cross_asset_p90.TestCrossAssetSchema" name="test_schema_has_correct_values" time="0.217" /><testcase classname="backend.tests.test_cross_asset_p90.TestCrossAssetValidate" name="test_validate_returns_valid_response" time="0.413" /><testcase classname="backend.tests.test_cross_asset_p90.TestCrossAssetValidate" name="test_validate_without_body_uses_today" time="0.390" /><testcase classname="backend.tests.test_cross_asset_p90.TestCrossAssetTimeline" name="test_timeline_returns_array" time="1.353" /><testcase classname="backend.tests.test_cross_asset_p90.TestCrossAssetTimeline" name="test_timeline_has_expected_fields" time="1.193" /><testcase classname="backend.tests.test_cross_asset_p90.TestBrainDecisionIntegration" name="test_decision_with_forecast_includes_cross_asset" time="3.792" /><testcase classname="backend.tests.test_cross_asset_p90.TestBrainDecisionIntegration" name="test_decision_evidence_includes_cross_asset_driver" time="3.692" /><testcase classname="backend.tests.test_cross_asset_p90.TestRegressionTests" name="test_brain_decision_still_works" time="3.751" /><testcase classname="backend.tests.test_cross_asset_p90.TestRegressionTests" name="test_forecast_still_works" time="0.181" /><testcase classname="backend.tests.test_cross_asset_p90.TestRegressionTests" name="test_forecast_status_still_works" time="0.158" /></testsuite></testsuites>