<?xml version="1.0" encoding="utf-8"?><testsuites name="pytest tests"><testsuite name="pytest" errors="0" failures="0" skipped="0" tests="18" time="5.508" timestamp="2026-02-27T10:03:57.407141+00:00" hostname="agent-env-6f2a95fe-a2b5-4c14-909a-779b2c6ff413"><testcase classname="backend.tests.test_macro_engine_v2_upgrade.TestMacroEngineStatus" name="test_status_endpoint_ok" time="1.067" /><testcase classname="backend.tests.test_macro_engine_v2_upgrade.TestMacroEngineStatus" name="test_status_v2_auto_activated" time="0.255" /><testcase classname="backend.tests.test_macro_engine_v2_upgrade.TestMacroEngineV2Health" name="test_v2_health_ok" time="0.129" /><testcase classname="backend.tests.test_macro_engine_v2_upgrade.TestMacroEngineDXYPack" name="test_dxy_pack_returns_v2_with_router" time="0.260" /><testcase classname="backend.tests.test_macro_engine_v2_upgrade.TestMacroEngineV2DXYPack" name="test_v2_pack_has_gold_driver" time="0.159" /><testcase classname="backend.tests.test_macro_engine_v2_upgrade.TestMacroEngineV2DXYPack" name="test_v2_pack_has_state_info" time="0.125" /><testcase classname="backend.tests.test_macro_engine_v2_upgrade.TestMacroEngineV2DXYPack" name="test_v2_pack_regime_confidence_high" time="0.126" /><testcase classname="backend.tests.test_macro_engine_v2_upgrade.TestMacroEngineAdminActive" name="test_get_admin_active" time="0.247" /><testcase classname="backend.tests.test_macro_engine_v2_upgrade.TestMacroEngineAdminLifecycle" name="test_rollback_to_v1" time="0.118" /><testcase classname="backend.tests.test_macro_engine_v2_upgrade.TestMacroEngineAdminLifecycle" name="test_verify_v1_after_rollback" time="1.024" /><testcase classname="backend.tests.test_macro_engine_v2_upgrade.TestMacroEngineAdminLifecycle" name="test_promote_to_v2" time="0.122" /><testcase classname="backend.tests.test_macro_engine_v2_upgrade.TestMacroEngineAdminLifecycle" name="test_verify_v2_after_promote" time="0.271" /><testcase classname="backend.tests.test_macro_engine_v2_upgrade.TestMacroEngineAdminLifecycle" name="test_reset_to_auto" time="0.132" /><testcase classname="backend.tests.test_macro_engine_v2_upgrade.TestMacroEngineAdminLifecycle" name="test_verify_auto_after_reset" time="0.253" /><testcase classname="backend.tests.test_macro_engine_v2_upgrade.TestMacroEngineCalibration" name="test_calibration_run_sanity_checks" time="0.322" /><testcase classname="backend.tests.test_macro_engine_v2_upgrade.TestMacroEngineCalibration" name="test_calibration_includes_gold" time="0.304" /><testcase classname="backend.tests.test_macro_engine_v2_upgrade.TestMacroEngineCompare" name="test_compare_v2_has_gold_v1_does_not" time="0.132" /><testcase classname="backend.tests.test_macro_engine_v2_upgrade.TestMacroEngineStateCurrent" name="test_state_current_has_confidence" time="0.271" /></testsuite></testsuites>