<?xml version="1.0" encoding="utf-8"?><testsuites name="pytest tests"><testsuite name="pytest" errors="0" failures="0" skipped="0" tests="13" time="3.627" timestamp="2026-02-27T09:37:22.937112+00:00" hostname="agent-env-6f2a95fe-a2b5-4c14-909a-779b2c6ff413"><testcase classname="tests.test_v2_volscale.TestV2VolScaleFeature" name="test_v2_pack_contains_volscale" time="1.091" /><testcase classname="tests.test_v2_volscale.TestV2VolScaleFeature" name="test_v2_pack_has_complete_structure" time="0.126" /><testcase classname="tests.test_v2_volscale.TestV2VolScaleFeature" name="test_v2_pack_regime_state_data" time="0.134" /><testcase classname="tests.test_v2_volscale.TestV2VolScaleFeature" name="test_v2_pack_guard_card_data" time="0.158" /><testcase classname="tests.test_v2_volscale.TestV2VolScaleFeature" name="test_v2_pack_macro_impact_card_data" time="0.137" /><testcase classname="tests.test_v2_volscale.TestV2VolScaleFeature" name="test_v2_pack_drivers_card_data" time="0.157" /><testcase classname="tests.test_v2_volscale.TestV2VolScaleFeature" name="test_v2_state_current_endpoint" time="0.130" /><testcase classname="tests.test_v2_volscale.TestV2VolScaleFeature" name="test_v2_calibration_weights_endpoint" time="0.136" /><testcase classname="tests.test_v2_volscale.TestV2VolScaleFeature" name="test_v1_vs_v2_compare_volscale_difference" time="0.892" /><testcase classname="tests.test_v2_volscale.TestV2VolScaleFeature" name="test_v2_pack_stateinfo_weightsource" time="0.128" /><testcase classname="tests.test_v2_volscale.TestV2EngineVersionBadge" name="test_v2_direct_endpoint_returns_v2" time="0.125" /><testcase classname="tests.test_v2_volscale.TestV2EngineVersionBadge" name="test_v1_direct_endpoint_returns_v1" time="0.136" /><testcase classname="tests.test_v2_volscale.TestV2EngineVersionBadge" name="test_compare_shows_both_versions" time="0.120" /></testsuite></testsuites>