<?xml version="1.0" encoding="utf-8"?><testsuites name="pytest tests"><testsuite name="pytest" errors="0" failures="0" skipped="0" tests="20" time="5.455" timestamp="2026-02-27T09:00:49.499263+00:00" hostname="agent-env-6f2a95fe-a2b5-4c14-909a-779b2c6ff413"><testcase classname="tests.test_macro_engine_v2.TestV2Health" name="test_v2_health_check" time="1.115" /><testcase classname="tests.test_macro_engine_v2.TestV2Pack" name="test_v2_dxy_pack_basic" time="0.090" /><testcase classname="tests.test_macro_engine_v2.TestV2Pack" name="test_v2_pack_has_state_info" time="0.075" /><testcase classname="tests.test_macro_engine_v2.TestV2Pack" name="test_v2_pack_has_gold_signal" time="0.076" /><testcase classname="tests.test_macro_engine_v2.TestRegimeState" name="test_get_current_state" time="0.075" /><testcase classname="tests.test_macro_engine_v2.TestRegimeState" name="test_get_state_history" time="0.080" /><testcase classname="tests.test_macro_engine_v2.TestCalibration" name="test_get_calibration_weights" time="0.073" /><testcase classname="tests.test_macro_engine_v2.TestCalibration" name="test_calibrated_weights_have_components" time="0.086" /><testcase classname="tests.test_macro_engine_v2.TestCalibration" name="test_get_calibration_history" time="0.072" /><testcase classname="tests.test_macro_engine_v2.TestCalibration" name="test_run_calibration" time="0.280" /><testcase classname="tests.test_macro_engine_v2.TestRouterStatus" name="test_router_status" time="0.083" /><testcase classname="tests.test_macro_engine_v2.TestRouterStatus" name="test_force_engine_to_v2" time="0.139" /><testcase classname="tests.test_macro_engine_v2.TestRouterStatus" name="test_reset_engine_override" time="0.311" /><testcase classname="tests.test_macro_engine_v2.TestV1V2Comparison" name="test_v1_pack_baseline" time="0.831" /><testcase classname="tests.test_macro_engine_v2.TestV1V2Comparison" name="test_compare_v1_v2" time="0.070" /><testcase classname="tests.test_macro_engine_v2.TestHysteresis" name="test_hysteresis_stability" time="1.152" /><testcase classname="tests.test_macro_engine_v2.TestHysteresis" name="test_state_persistence_across_calls" time="0.207" /><testcase classname="tests.test_macro_engine_v2.TestEdgeCases" name="test_invalid_asset" time="0.070" /><testcase classname="tests.test_macro_engine_v2.TestEdgeCases" name="test_invalid_engine_version" time="0.079" /><testcase classname="tests.test_macro_engine_v2.TestEdgeCases" name="test_state_with_custom_symbol" time="0.284" /></testsuite></testsuites>