<?xml version="1.0" encoding="utf-8"?><testsuites name="pytest tests"><testsuite name="pytest" errors="0" failures="0" skipped="0" tests="25" time="34.982" timestamp="2026-02-27T19:29:25.655230+00:00" hostname="agent-env-dd9b71b0-30e8-4806-9fe9-a1f1c6b0e4fd"><testcase classname="backend.tests.test_brain_decision_p80c.TestBrainDecisionEndpoint" name="test_decision_returns_200" time="3.722" /><testcase classname="backend.tests.test_brain_decision_p80c.TestBrainDecisionEndpoint" name="test_decision_has_scenario_structure" time="3.392" /><testcase classname="backend.tests.test_brain_decision_p80c.TestBrainDecisionEndpoint" name="test_scenario_probs_sum_to_approximately_one" time="0.000" /><testcase classname="backend.tests.test_brain_decision_p80c.TestBrainDecisionEndpoint" name="test_scenario_probs_all_non_negative" time="0.000" /><testcase classname="backend.tests.test_brain_decision_p80c.TestBrainDecisionEndpoint" name="test_directives_has_risk_mode" time="0.000" /><testcase classname="backend.tests.test_brain_decision_p80c.TestBrainDecisionEndpoint" name="test_evidence_has_required_fields" time="0.000" /><testcase classname="backend.tests.test_brain_decision_p80c.TestBrainDecisionEndpoint" name="test_meta_has_brain_version_moe" time="0.000" /><testcase classname="backend.tests.test_brain_decision_p80c.TestBrainDecisionEndpoint" name="test_meta_has_inputs_hash" time="0.000" /><testcase classname="backend.tests.test_brain_decision_p80c.TestBrainDecisionWithForecast" name="test_includes_forecasts_object" time="3.325" /><testcase classname="backend.tests.test_brain_decision_p80c.TestBrainDecisionWithForecast" name="test_includes_override_reasoning" time="0.001" /><testcase classname="backend.tests.test_brain_decision_p80c.TestBrainDecisionWithForecast" name="test_override_reasoning_has_scenario_inputs" time="0.001" /><testcase classname="backend.tests.test_brain_decision_p80c.TestBrainDecisionWithForecast" name="test_includes_forecast_meta" time="0.000" /><testcase classname="backend.tests.test_brain_decision_p80c.TestBrainDecisionDeterminism" name="test_same_asof_produces_same_inputs_hash" time="6.780" /><testcase classname="backend.tests.test_brain_decision_p80c.TestBrainSummaryEndpoint" name="test_summary_returns_200" time="3.377" /><testcase classname="backend.tests.test_brain_decision_p80c.TestBrainSummaryEndpoint" name="test_summary_has_condensed_view" time="3.439" /><testcase classname="backend.tests.test_brain_decision_p80c.TestBrainStatusEndpoint" name="test_status_returns_200" time="0.113" /><testcase classname="backend.tests.test_brain_decision_p80c.TestBrainStatusEndpoint" name="test_status_has_brain_version_moe" time="0.098" /><testcase classname="backend.tests.test_brain_decision_p80c.TestBrainStatusEndpoint" name="test_status_capabilities_include_p80c_features" time="0.080" /><testcase classname="backend.tests.test_brain_decision_p80c.TestBrainApplyOverrides" name="test_apply_overrides_returns_200" time="3.400" /><testcase classname="backend.tests.test_brain_decision_p80c.TestBrainApplyOverrides" name="test_apply_overrides_includes_brain_decision" time="3.410" /><testcase classname="backend.tests.test_brain_decision_p80c.TestBrainApplyOverrides" name="test_apply_overrides_has_applied_output" time="3.342" /><testcase classname="backend.tests.test_brain_decision_p80c.TestBrainApplyOverrides" name="test_apply_overrides_missing_body_returns_400" time="0.101" /><testcase classname="backend.tests.test_brain_decision_p80c.TestBrainForecastRegression" name="test_forecast_endpoint_still_works" time="0.091" /><testcase classname="backend.tests.test_brain_decision_p80c.TestBrainForecastRegression" name="test_forecast_status_still_works" time="0.083" /><testcase classname="backend.tests.test_brain_decision_p80c.TestBrainForecastRegression" name="test_forecast_compare_still_works" time="0.088" /></testsuite></testsuites>