<?xml version="1.0" encoding="utf-8"?><testsuites name="pytest tests"><testsuite name="pytest" errors="0" failures="0" skipped="0" tests="23" time="5.975" timestamp="2026-02-27T18:03:20.458322+00:00" hostname="agent-env-dd9b71b0-30e8-4806-9fe9-a1f1c6b0e4fd"><testcase classname="backend.tests.test_brain_forecast_moe.TestForecastEndpoint" name="test_forecast_returns_valid_response" time="0.186" /><testcase classname="backend.tests.test_brain_forecast_moe.TestForecastEndpoint" name="test_forecast_quantile_monotonicity" time="0.086" /><testcase classname="backend.tests.test_brain_forecast_moe.TestForecastEndpoint" name="test_forecast_all_values_finite" time="0.084" /><testcase classname="backend.tests.test_brain_forecast_moe.TestForecastEndpoint" name="test_forecast_determinism" time="0.181" /><testcase classname="backend.tests.test_brain_forecast_moe.TestForecastEndpoint" name="test_forecast_no_lookahead" time="0.083" /><testcase classname="backend.tests.test_brain_forecast_moe.TestForecastEndpoint" name="test_forecast_model_is_not_baseline" time="0.081" /><testcase classname="backend.tests.test_brain_forecast_moe.TestForecastEndpoint" name="test_forecast_model_version_is_moe" time="0.081" /><testcase classname="backend.tests.test_brain_forecast_moe.TestForecastEndpoint" name="test_forecast_tail_risk_in_range" time="0.079" /><testcase classname="backend.tests.test_brain_forecast_moe.TestForecastEndpoint" name="test_forecast_regime_probabilities_present" time="0.084" /><testcase classname="backend.tests.test_brain_forecast_moe.TestStatusEndpoint" name="test_status_returns_valid_response" time="0.075" /><testcase classname="backend.tests.test_brain_forecast_moe.TestStatusEndpoint" name="test_status_is_not_baseline" time="0.080" /><testcase classname="backend.tests.test_brain_forecast_moe.TestStatusEndpoint" name="test_status_coverage_info" time="0.073" /><testcase classname="backend.tests.test_brain_forecast_moe.TestTrainEndpoint" name="test_train_returns_stats" time="0.869" /><testcase classname="backend.tests.test_brain_forecast_moe.TestTrainEndpoint" name="test_train_model_version_qv1_moe" time="0.543" /><testcase classname="backend.tests.test_brain_forecast_moe.TestTrainEndpoint" name="test_train_then_forecast_uses_trained_model" time="2.629" /><testcase classname="backend.tests.test_brain_forecast_moe.TestCompareEndpoint" name="test_compare_returns_valid_response" time="0.082" /><testcase classname="backend.tests.test_brain_forecast_moe.TestCompareEndpoint" name="test_compare_has_all_horizons" time="0.079" /><testcase classname="backend.tests.test_brain_forecast_moe.TestCompareEndpoint" name="test_compare_has_required_fields" time="0.100" /><testcase classname="backend.tests.test_brain_forecast_moe.TestCompareEndpoint" name="test_compare_summary_structure" time="0.076" /><testcase classname="backend.tests.test_brain_forecast_moe.TestCompareEndpoint" name="test_compare_model_info" time="0.091" /><testcase classname="backend.tests.test_brain_forecast_moe.TestEdgeCases" name="test_forecast_with_past_asOf" time="0.079" /><testcase classname="backend.tests.test_brain_forecast_moe.TestEdgeCases" name="test_forecast_default_asset" time="0.097" /><testcase classname="backend.tests.test_brain_forecast_moe.TestEdgeCases" name="test_compare_with_historical_asOf" time="0.092" /></testsuite></testsuites>